Ansys Lumerical 2022 R1.3 FDTD Solver Version 8.27.3016 (Windows 64bit)
 expires (month/day/year): Permanent
using config file: Ansys Licensing set with ANSYSLMD_LICENSE_FILE
license host: 1055@melicense.embedded.ufcg.edu.br
current time: sáb nov 30 22:25:32 2024
Running on host: DESKTOP-FOTONICA
host available memory (GB): 58.755850
All processes are communicating and ready to proceed to simulation...
Running fsp file: C:\Program Files\Lumerical\v221\bin\fdtd-engine.exe -t 1 -remote C:/Users/luciv/Documents/Lucivaldo/MMI/FDTD_mmi_2x2_TE.fsp
Starting meshing
Simulation size in gridpoints: 1 x 66 x 15
Refined 0 mesh cells (0%)
Completed meshing!
Meshing complete in 0 seconds of CPU time
Starting meshing
Simulation size in gridpoints: 1 x 66 x 15
Refined 0 mesh cells (0%)
Completed meshing!
Meshing complete in 0 seconds of CPU time
Starting meshing
Simulation size in gridpoints: 1 x 66 x 15
Refined 0 mesh cells (0%)
Completed meshing!
Meshing complete in 0 seconds of CPU time
Starting meshing
Simulation size in gridpoints: 1 x 66 x 15
Refined 0 mesh cells (0%)
Completed meshing!
Meshing complete in 0 seconds of CPU time
Starting meshing
Simulation size in gridpoints: 1 x 66 x 15
Refined 0 mesh cells (0%)
Completed meshing!
Meshing complete in 0 seconds of CPU time
Starting meshing
Simulation size in gridpoints: 1 x 66 x 15
Refined 0 mesh cells (0%)
Completed meshing!
Meshing complete in 0 seconds of CPU time
number of processors is 1
processors are distributed as: 1x1x1
Running 3D Simulation
Starting meshing
Simulation size in gridpoints: 3302 x 263 x 22
Refined 0 mesh cells (0%)
Completed meshing!
Meshing complete in 6.28125 seconds of CPU time
549456 549456
Starting meshing
Simulation size in gridpoints: 3302 x 263 x 22
Refined 0 mesh cells (0%)
Completed meshing!
Meshing complete in 7.78125 seconds of CPU time
685872 685872
Starting meshing
Simulation size in gridpoints: 3302 x 263 x 22
Refined 0 mesh cells (0%)
Completed meshing!
Meshing complete in 6.96875 seconds of CPU time
467344 467344
finished material properties
Meshing Time: 32.2286 seconds, Init Electrical Material Time: 0.9949 seconds, Init Magnetic Material Time: 0.054419
Using selected optimization level: 2
Selecting 3d kernel for splitFieldDirection=0 and optLevel=2
-----------------------------------------
Beginning initialization of 3D Simulation
Starting to add sources to simulation
Adding 3D Mode source propagating in X
Adding 3D Mode source propagating in X
Starting to add boundary conditions to simulation
Adding 3D PML BC
Adding 3D PML BC
Adding 3D PML BC
Adding 3D PML BC
Adding 3D Symmetric BC
Adding 3D PML BC
Starting to add monitors to Simulation
Adding analysis monitor
Adding 3D DFT monitor
Adding 3D DFT monitor
Adding 3D DFT monitor
Adding 3D DFT monitor
Adding 3D DFT monitor
Finished initialization of 3D Simulation
-----------------------------------------
All processes are communicating and ready to proceed to simulation...
Starting 39354 total iterations
0.0813134% complete. Max time remaining: 1 hr, 9 mins, 39 secs. Auto Shutoff: 1
1.09773% complete. Max time remaining: 1 hr, 6 mins, 39 secs. Auto Shutoff: 1
2.11415% complete. Max time remaining: 1 hr, 7 mins, 10 secs. Auto Shutoff: 1
3.13057% complete. Max time remaining: 1 hr, 6 mins, 58 secs. Auto Shutoff: 0.998632
4.14699% complete. Max time remaining: 1 hr, 5 mins, 49 secs. Auto Shutoff: 0.998522
5.1634% complete. Max time remaining: 1 hr, 5 mins, 18 secs. Auto Shutoff: 0.998148
6.17982% complete. Max time remaining: 1 hr, 4 mins, 52 secs. Auto Shutoff: 0.998314
7.19624% complete. Max time remaining: 1 hr, 4 mins, 3 secs. Auto Shutoff: 0.998463
8.21266% complete. Max time remaining: 1 hr, 3 mins, 26 secs. Auto Shutoff: 0.998491
9.22908% complete. Max time remaining: 1 hr, 2 mins, 50 secs. Auto Shutoff: 0.998437
10.2455% complete. Max time remaining: 1 hr, 2 mins, 7 secs. Auto Shutoff: 0.998463
11.2619% complete. Max time remaining: 1 hr, 1 min, 24 secs. Auto Shutoff: 0.998549
12.2783% complete. Max time remaining: 1 hr, 45 secs. Auto Shutoff: 0.998404
13.2947% complete. Max time remaining: 1 hr, 2 secs. Auto Shutoff: 0.998358
14.3112% complete. Max time remaining: 59 mins, 20 secs. Auto Shutoff: 0.998332
15.3276% complete. Max time remaining: 58 mins, 36 secs. Auto Shutoff: 0.998317
16.344% complete. Max time remaining: 57 mins, 57 secs. Auto Shutoff: 0.998307
17.3604% complete. Max time remaining: 57 mins, 16 secs. Auto Shutoff: 0.998305
18.3768% complete. Max time remaining: 56 mins, 30 secs. Auto Shutoff: 0.998291
19.3933% complete. Max time remaining: 55 mins, 51 secs. Auto Shutoff: 0.998291
20.4097% complete. Max time remaining: 55 mins, 12 secs. Auto Shutoff: 0.998293
21.4261% complete. Max time remaining: 54 mins, 26 secs. Auto Shutoff: 0.998288
22.4425% complete. Max time remaining: 53 mins, 45 secs. Auto Shutoff: 0.998287
23.4589% complete. Max time remaining: 53 mins, 6 secs. Auto Shutoff: 0.99829
24.4753% complete. Max time remaining: 52 mins, 21 secs. Auto Shutoff: 0.998285
25.4918% complete. Max time remaining: 51 mins, 38 secs. Auto Shutoff: 0.998287
26.5082% complete. Max time remaining: 50 mins, 58 secs. Auto Shutoff: 0.998285
27.5246% complete. Max time remaining: 50 mins, 15 secs. Auto Shutoff: 0.998278
28.541% complete. Max time remaining: 49 mins, 32 secs. Auto Shutoff: 0.998276
29.5574% complete. Max time remaining: 48 mins, 50 secs. Auto Shutoff: 0.998271
30.5739% complete. Max time remaining: 48 mins, 9 secs. Auto Shutoff: 0.998263
31.5903% complete. Max time remaining: 47 mins, 26 secs. Auto Shutoff: 0.998248
32.6067% complete. Max time remaining: 46 mins, 43 secs. Auto Shutoff: 0.99824
33.6231% complete. Max time remaining: 46 mins, 2 secs. Auto Shutoff: 0.998305
34.6395% complete. Max time remaining: 45 mins, 20 secs. Auto Shutoff: 0.998253
35.6559% complete. Max time remaining: 44 mins, 36 secs. Auto Shutoff: 0.998211
36.6724% complete. Max time remaining: 43 mins, 55 secs. Auto Shutoff: 0.998259
37.6888% complete. Max time remaining: 43 mins, 14 secs. Auto Shutoff: 0.998249
38.7052% complete. Max time remaining: 42 mins, 29 secs. Auto Shutoff: 0.998271
39.7216% complete. Max time remaining: 41 mins, 48 secs. Auto Shutoff: 0.998168
40.738% complete. Max time remaining: 41 mins, 7 secs. Auto Shutoff: 0.99817
41.7545% complete. Max time remaining: 40 mins, 24 secs. Auto Shutoff: 0.998529
42.7709% complete. Max time remaining: 39 mins, 41 secs. Auto Shutoff: 1.01276
43.7873% complete. Max time remaining: 38 mins, 59 secs. Auto Shutoff: 0.965362
44.8037% complete. Max time remaining: 38 mins, 17 secs. Auto Shutoff: 0.962339
45.8201% complete. Max time remaining: 37 mins, 34 secs. Auto Shutoff: 0.799437
46.8365% complete. Max time remaining: 36 mins, 52 secs. Auto Shutoff: 0.75085
47.853% complete. Max time remaining: 36 mins, 10 secs. Auto Shutoff: 0.733092
48.8694% complete. Max time remaining: 35 mins, 27 secs. Auto Shutoff: 0.718072
49.8858% complete. Max time remaining: 34 mins, 45 secs. Auto Shutoff: 0.708058
50.9022% complete. Max time remaining: 34 mins, 3 secs. Auto Shutoff: 0.70475
51.9186% complete. Max time remaining: 33 mins, 21 secs. Auto Shutoff: 0.729722
52.9351% complete. Max time remaining: 32 mins, 37 secs. Auto Shutoff: 0.732092
53.9515% complete. Max time remaining: 31 mins, 56 secs. Auto Shutoff: 0.702976
54.9679% complete. Max time remaining: 31 mins, 14 secs. Auto Shutoff: 1.03704
55.9843% complete. Max time remaining: 30 mins, 31 secs. Auto Shutoff: 0.318659
57.0007% complete. Max time remaining: 29 mins, 49 secs. Auto Shutoff: 0.199151
58.0171% complete. Max time remaining: 29 mins, 7 secs. Auto Shutoff: 0.170375
59.0336% complete. Max time remaining: 28 mins, 24 secs. Auto Shutoff: 0.16709
60.05% complete. Max time remaining: 27 mins, 42 secs. Auto Shutoff: 0.166919
61.0664% complete. Max time remaining: 27 mins, 1 secs. Auto Shutoff: 0.166134
62.0828% complete. Max time remaining: 26 mins, 18 secs. Auto Shutoff: 0.165723
63.0992% complete. Max time remaining: 25 mins, 36 secs. Auto Shutoff: 0.165579
64.1156% complete. Max time remaining: 24 mins, 53 secs. Auto Shutoff: 0.165543
65.1321% complete. Max time remaining: 24 mins, 11 secs. Auto Shutoff: 0.165443
66.1485% complete. Max time remaining: 23 mins, 29 secs. Auto Shutoff: 0.165274
67.1649% complete. Max time remaining: 22 mins, 46 secs. Auto Shutoff: 0.165234
68.1813% complete. Max time remaining: 22 mins, 4 secs. Auto Shutoff: 0.165222
69.1977% complete. Max time remaining: 21 mins, 22 secs. Auto Shutoff: 0.165092
70.2142% complete. Max time remaining: 20 mins, 39 secs. Auto Shutoff: 0.165064
71.2306% complete. Max time remaining: 19 mins, 57 secs. Auto Shutoff: 0.165092
72.247% complete. Max time remaining: 19 mins, 15 secs. Auto Shutoff: 0.165069
73.2634% complete. Max time remaining: 18 mins, 33 secs. Auto Shutoff: 0.164982
74.2798% complete. Max time remaining: 17 mins, 50 secs. Auto Shutoff: 0.164836
75.2962% complete. Max time remaining: 17 mins, 8 secs. Auto Shutoff: 0.162936
76.3127% complete. Max time remaining: 16 mins, 26 secs. Auto Shutoff: 0.165805
77.3291% complete. Max time remaining: 15 mins, 43 secs. Auto Shutoff: 0.158151
78.3455% complete. Max time remaining: 15 mins, 1 secs. Auto Shutoff: 0.147182
79.3619% complete. Max time remaining: 14 mins, 19 secs. Auto Shutoff: 0.139324
80.3783% complete. Max time remaining: 13 mins, 36 secs. Auto Shutoff: 0.135007
81.3948% complete. Max time remaining: 12 mins, 54 secs. Auto Shutoff: 0.132529
82.4112% complete. Max time remaining: 12 mins, 12 secs. Auto Shutoff: 0.131091
83.4276% complete. Max time remaining: 11 mins, 30 secs. Auto Shutoff: 0.128793
84.444% complete. Max time remaining: 10 mins, 47 secs. Auto Shutoff: 0.128513
85.4604% complete. Max time remaining: 10 mins, 5 secs. Auto Shutoff: 0.127677
86.4768% complete. Max time remaining: 9 mins, 23 secs. Auto Shutoff: 0.125894
87.4933% complete. Max time remaining: 8 mins, 40 secs. Auto Shutoff: 0.127784
88.5097% complete. Max time remaining: 7 mins, 58 secs. Auto Shutoff: 0.117839
89.5261% complete. Max time remaining: 7 mins, 16 secs. Auto Shutoff: 0.103973
90.5425% complete. Max time remaining: 6 mins, 34 secs. Auto Shutoff: 0.100262
91.5589% complete. Max time remaining: 5 mins, 51 secs. Auto Shutoff: 0.0997833
92.5754% complete. Max time remaining: 5 mins, 9 secs. Auto Shutoff: 0.0974968
93.5918% complete. Max time remaining: 4 mins, 27 secs. Auto Shutoff: 0.097494
94.6082% complete. Max time remaining: 3 mins, 44 secs. Auto Shutoff: 0.0975882
95.6246% complete. Max time remaining: 3 mins, 2 secs. Auto Shutoff: 0.096509
96.641% complete. Max time remaining: 2 mins, 20 secs. Auto Shutoff: 0.0958143
97.6574% complete. Max time remaining: 1 min, 37 secs. Auto Shutoff: 0.092765
98.6739% complete. Max time remaining: 55 secs. Auto Shutoff: 0.102444
99.6903% complete. Max time remaining: 13 secs. Auto Shutoff: 0.0917853
Completed 39354 iterations, or 2.340513e-12s of Simulation Time
Process 0 starting to collect data
    collecting monitor data
    collecting source data
Finished collecting data
Simulation completed successfully at: sáb nov 30 23:35:54 2024
Overall wall time measurements in seconds: 4220.41
    time to mesh and initialize: 51.1461
    time to run FDTD simulation: 4162.71
    time to checkpoint simulation: 2e-07
    time to finalize data and save to files: 5.05097
    miscellaneous time: 1.50496
    FDTD solver speed on process 0: 180.621 Mnodes/s
    total FDTD solver speed on 1 processes: 180.621 Mnodes/s
