Ansys Lumerical 2022 R1.3 FDTD Solver Version 8.27.3016 (Windows 64bit)
 expires (month/day/year): Permanent
using config file: Ansys Licensing set with ANSYSLMD_LICENSE_FILE
license host: 1055@melicense.embedded.ufcg.edu.br
current time: qui out 10 08:41:06 2024
Running on host: DESKTOP-16I6F0S
host available memory (GB): 57.915142
All processes are communicating and ready to proceed to simulation...
Running fsp file: C:\Program Files\Lumerical\v221\bin\fdtd-engine.exe -t 1 -remote C:/Users/luciv/Documents/Lucivaldo/Lab_Y_branch/s.fsp
Starting meshing
Simulation size in gridpoints: 1 x 103 x 25
Refined 0 mesh cells (0%)
Completed meshing!
Meshing complete in 0 seconds of CPU time
Starting meshing
Simulation size in gridpoints: 1 x 103 x 25
Refined 0 mesh cells (0%)
Completed meshing!
Meshing complete in 0 seconds of CPU time
Starting meshing
Simulation size in gridpoints: 1 x 103 x 25
Refined 0 mesh cells (0%)
Completed meshing!
Meshing complete in 0 seconds of CPU time
Starting meshing
Simulation size in gridpoints: 1 x 103 x 25
Refined 0 mesh cells (0%)
Completed meshing!
Meshing complete in 0 seconds of CPU time
Starting meshing
Simulation size in gridpoints: 1 x 103 x 25
Refined 0 mesh cells (0%)
Completed meshing!
Meshing complete in 0 seconds of CPU time
Starting meshing
Simulation size in gridpoints: 1 x 103 x 25
Refined 0 mesh cells (0%)
Completed meshing!
Meshing complete in 0 seconds of CPU time
left is a duplicate key.
bottom is a duplicate key.
z1 is a duplicate key.
z2 is a duplicate key.
Nx is a duplicate key.
Ny is a duplicate key.
Nz is a duplicate key.
Starting meshing
Simulation size in gridpoints: 1 x 74 x 25
Refined 0 mesh cells (0%)
Completed meshing!
Meshing complete in 0 seconds of CPU time
Starting meshing
Simulation size in gridpoints: 1 x 74 x 25
Refined 0 mesh cells (0%)
Completed meshing!
Meshing complete in 0 seconds of CPU time
Starting meshing
Simulation size in gridpoints: 1 x 74 x 25
Refined 0 mesh cells (0%)
Completed meshing!
Meshing complete in 0 seconds of CPU time
left is a duplicate key.
bottom is a duplicate key.
z1 is a duplicate key.
z2 is a duplicate key.
Nx is a duplicate key.
Ny is a duplicate key.
Nz is a duplicate key.
Starting meshing
Simulation size in gridpoints: 1 x 74 x 25
Refined 0 mesh cells (0%)
Completed meshing!
Meshing complete in 0 seconds of CPU time
Starting meshing
Simulation size in gridpoints: 1 x 74 x 25
Refined 0 mesh cells (0%)
Completed meshing!
Meshing complete in 0 seconds of CPU time
Starting meshing
Simulation size in gridpoints: 1 x 74 x 25
Refined 0 mesh cells (0%)
Completed meshing!
Meshing complete in 0 seconds of CPU time
left is a duplicate key.
bottom is a duplicate key.
z1 is a duplicate key.
z2 is a duplicate key.
Nx is a duplicate key.
Ny is a duplicate key.
Nz is a duplicate key.
number of processors is 1
processors are distributed as: 1x1x1
Running 3D Simulation
Starting meshing
Simulation size in gridpoints: 287 x 537 x 39
Refined 0 mesh cells (0%)
Completed meshing!
Meshing complete in 0.96875 seconds of CPU time
0 0
Starting meshing
Simulation size in gridpoints: 287 x 537 x 39
Refined 0 mesh cells (0%)
Completed meshing!
Meshing complete in 1.28125 seconds of CPU time
0 0
Starting meshing
Simulation size in gridpoints: 287 x 537 x 39
Refined 0 mesh cells (0%)
Completed meshing!
Meshing complete in 1.125 seconds of CPU time
0 0
finished material properties
Meshing Time: 5.57198 seconds, Init Electrical Material Time: 0.196347 seconds, Init Magnetic Material Time: 0.0174862
Using selected optimization level: 2
Selecting 3d kernel for splitFieldDirection=0 and optLevel=2
-----------------------------------------
Beginning initialization of 3D Simulation
Starting to add sources to simulation
Adding 3D Mode source propagating in X
Using frequency dependent profile
Starting to add boundary conditions to simulation
Adding 3D PML BC
Adding 3D PML BC
Adding 3D PML BC
Adding 3D PML BC
Adding 3D PML BC
Adding 3D PML BC
Starting to add monitors to Simulation
Adding analysis monitor
Adding 3D DFT monitor
Adding 3D DFT monitor
Adding 3D DFT monitor
Adding 3D index monitor
Adding 3D DFT monitor
Adding 3D DFT monitor
Adding 3D DFT monitor
Adding 3D DFT monitor
Finished initialization of 3D Simulation
-----------------------------------------
All processes are communicating and ready to proceed to simulation...
Starting 12099 total iterations
0.396732% complete. Max time remaining: 8 mins, 16 secs. Auto Shutoff: 1
1.45469% complete. Max time remaining: 9 mins, 26 secs. Auto Shutoff: 1
2.51264% complete. Max time remaining: 9 mins, 26 secs. Auto Shutoff: 1
3.57059% complete. Max time remaining: 9 mins, 29 secs. Auto Shutoff: 1
4.62854% complete. Max time remaining: 9 mins, 25 secs. Auto Shutoff: 1
5.6865% complete. Max time remaining: 9 mins, 19 secs. Auto Shutoff: 1
6.74445% complete. Max time remaining: 9 mins, 11 secs. Auto Shutoff: 1
7.8024% complete. Max time remaining: 9 mins, 5 secs. Auto Shutoff: 0.961803
8.86036% complete. Max time remaining: 8 mins, 46 secs. Auto Shutoff: 0.932399
9.91831% complete. Max time remaining: 8 mins, 14 secs. Auto Shutoff: 0.921419
10.9763% complete. Max time remaining: 8 mins, 7 secs. Auto Shutoff: 0.902049
12.0342% complete. Max time remaining: 8 mins, 3 secs. Auto Shutoff: 0.883765
13.0922% complete. Max time remaining: 8 mins, 0 secs. Auto Shutoff: 0.860897
14.1501% complete. Max time remaining: 7 mins, 56 secs. Auto Shutoff: 0.861624
15.2081% complete. Max time remaining: 7 mins, 51 secs. Auto Shutoff: 0.852586
16.266% complete. Max time remaining: 7 mins, 36 secs. Auto Shutoff: 0.84234
17.324% complete. Max time remaining: 7 mins, 22 secs. Auto Shutoff: 0.840744
18.3819% complete. Max time remaining: 7 mins, 9 secs. Auto Shutoff: 0.837872
19.7044% complete. Max time remaining: 6 mins, 54 secs. Auto Shutoff: 0.837422
21.0268% complete. Max time remaining: 6 mins, 40 secs. Auto Shutoff: 0.833069
22.0848% complete. Max time remaining: 6 mins, 30 secs. Auto Shutoff: 0.832376
23.1427% complete. Max time remaining: 6 mins, 21 secs. Auto Shutoff: 0.827508
24.4652% complete. Max time remaining: 6 mins, 9 secs. Auto Shutoff: 0.825105
25.5231% complete. Max time remaining: 6 mins, 1 secs. Auto Shutoff: 0.814216
26.8456% complete. Max time remaining: 5 mins, 51 secs. Auto Shutoff: 0.78657
28.168% complete. Max time remaining: 5 mins, 41 secs. Auto Shutoff: 0.0629859
29.4904% complete. Max time remaining: 5 mins, 32 secs. Auto Shutoff: 0.00302342
30.5484% complete. Max time remaining: 5 mins, 24 secs. Auto Shutoff: 0.000207906
31.6063% complete. Max time remaining: 5 mins, 17 secs. Auto Shutoff: 0.000181748
32.6643% complete. Max time remaining: 5 mins, 10 secs. Auto Shutoff: 0.000179856
33.9867% complete. Max time remaining: 5 mins, 2 secs. Auto Shutoff: 0.000169189
35.3092% complete. Max time remaining: 4 mins, 54 secs. Auto Shutoff: 0.000168228
36.3671% complete. Max time remaining: 4 mins, 47 secs. Auto Shutoff: 0.000155204
37.4251% complete. Max time remaining: 4 mins, 41 secs. Auto Shutoff: 0.000136463
38.483% complete. Max time remaining: 4 mins, 35 secs. Auto Shutoff: 0.000124824
39.541% complete. Max time remaining: 4 mins, 29 secs. Auto Shutoff: 0.000114684
40.5989% complete. Max time remaining: 4 mins, 23 secs. Auto Shutoff: 9.33562e-05
41.6569% complete. Max time remaining: 4 mins, 17 secs. Auto Shutoff: 9.54737e-05
42.7148% complete. Max time remaining: 4 mins, 12 secs. Auto Shutoff: 9.01017e-05
43.7728% complete. Max time remaining: 4 mins, 6 secs. Auto Shutoff: 9.14462e-05
44.8308% complete. Max time remaining: 4 mins, 1 secs. Auto Shutoff: 8.60832e-05
45.8887% complete. Max time remaining: 3 mins, 55 secs. Auto Shutoff: 8.31729e-05
46.9467% complete. Max time remaining: 3 mins, 50 secs. Auto Shutoff: 6.69597e-05
48.0046% complete. Max time remaining: 3 mins, 48 secs. Auto Shutoff: 3.44766e-05
100% complete. Max time remaining: 0 mins, 0 secs. Auto Shutoff: 9.93187e-06
Early termination of simulation, the autoshutoff criteria are satisfied.
Completed 5814 iterations, or 4.805420e-13s of Simulation Time
Process 0 starting to collect data
    collecting monitor data
    collecting source data
Using frequency dependent profile
Finished collecting data
left is a duplicate key.
bottom is a duplicate key.
z1 is a duplicate key.
z2 is a duplicate key.
Nx is a duplicate key.
Ny is a duplicate key.
Nz is a duplicate key.
left is a duplicate key.
bottom is a duplicate key.
z1 is a duplicate key.
z2 is a duplicate key.
Nx is a duplicate key.
Ny is a duplicate key.
Nz is a duplicate key.
left is a duplicate key.
bottom is a duplicate key.
z1 is a duplicate key.
z2 is a duplicate key.
Nx is a duplicate key.
Ny is a duplicate key.
Nz is a duplicate key.
Simulation completed successfully at: qui out 10 08:44:52 2024
Overall wall time measurements in seconds: 226.347
    time to mesh and initialize: 9.24229
    time to run FDTD simulation: 210.894
    time to checkpoint simulation: 2e-07
    time to finalize data and save to files: 4.41866
    miscellaneous time: 1.79207
    FDTD solver speed on process 0: 165.704 Mnodes/s
    total FDTD solver speed on 1 processes: 165.704 Mnodes/s
