GPU streaming multiprocessors(SMs): 24
Ansys Lumerical 2024 R2.3 FDTD Solver Version 8.32.3941 (Windows 64bit)
 expires (month/day/year): Permanent
using config file: Ansys Licensing set with ANSYSLMD_LICENSE_FILE
license host: 1055@melicense.embedded.ufcg.edu.br
current time: qua mai 28 16:23:31 2025
Running on host: DESKTOP-FOTONICA
host available memory (GB): 61.876494
All processes are communicating and ready to proceed to simulation...
Running fsp file: C:\Program Files\Lumerical\v242\bin\fdtd-engine.exe -gpu -t 0 -remote C:/Users/luciv/Documents/Lucivaldo/Lab_Y_branch/y_branch_compact_FDTD.fsp
Estimate of memory required: 2.72726e+09 bytes
Warning: This estimate is for CPU only and may greatly underestimate the memory required to run on GPU.
Warning: GPU simulation does not support the frequency dependent profile option for ports.
Warning: GPU simulation does not support the frequency dependent profile option for ports.
Warning: GPU simulation does not support the frequency dependent profile option for ports.
Starting meshing
Simulation size in gridpoints: 1 x 117 x 56
Refined 0 mesh cells (0.000000%)
Completed meshing!
Meshing complete in 0.000000 seconds of CPU time
Starting meshing
Simulation size in gridpoints: 1 x 117 x 56
Refined 0 mesh cells (0.000000%)
Completed meshing!
Meshing complete in 0.000000 seconds of CPU time
Starting meshing
Simulation size in gridpoints: 1 x 117 x 56
Refined 0 mesh cells (0.000000%)
Completed meshing!
Meshing complete in 0.000000 seconds of CPU time
Starting meshing
Simulation size in gridpoints: 1 x 117 x 56
Refined 0 mesh cells (0.000000%)
Completed meshing!
Meshing complete in 0.000000 seconds of CPU time
Starting meshing
Simulation size in gridpoints: 1 x 117 x 56
Refined 0 mesh cells (0.000000%)
Completed meshing!
Meshing complete in 0.000000 seconds of CPU time
Starting meshing
Simulation size in gridpoints: 1 x 117 x 56
Refined 0 mesh cells (0.000000%)
Completed meshing!
Meshing complete in 0.031250 seconds of CPU time
left is a duplicate key.
bottom is a duplicate key.
z1 is a duplicate key.
z2 is a duplicate key.
Nx is a duplicate key.
Ny is a duplicate key.
Nz is a duplicate key.
Starting meshing
Simulation size in gridpoints: 1 x 173 x 56
Refined 0 mesh cells (0.000000%)
Completed meshing!
Meshing complete in 0.000000 seconds of CPU time
Starting meshing
Simulation size in gridpoints: 1 x 173 x 56
Refined 0 mesh cells (0.000000%)
Completed meshing!
Meshing complete in 0.000000 seconds of CPU time
Starting meshing
Simulation size in gridpoints: 1 x 173 x 56
Refined 0 mesh cells (0.000000%)
Completed meshing!
Meshing complete in 0.000000 seconds of CPU time
left is a duplicate key.
bottom is a duplicate key.
z1 is a duplicate key.
z2 is a duplicate key.
Nx is a duplicate key.
Ny is a duplicate key.
Nz is a duplicate key.
Starting meshing
Simulation size in gridpoints: 1 x 1 x 56
Refined 0 mesh cells (0.000000%)
Completed meshing!
Meshing complete in 0.000000 seconds of CPU time
Starting meshing
Simulation size in gridpoints: 1 x 1 x 56
Refined 0 mesh cells (0.000000%)
Completed meshing!
Meshing complete in 0.000000 seconds of CPU time
Starting meshing
Simulation size in gridpoints: 1 x 1 x 56
Refined 0 mesh cells (0.000000%)
Completed meshing!
Meshing complete in 0.000000 seconds of CPU time
left is a duplicate key.
bottom is a duplicate key.
z1 is a duplicate key.
z2 is a duplicate key.
Nx is a duplicate key.
Ny is a duplicate key.
Nz is a duplicate key.
number of processors is 1
processors are distributed as: 1x1x1
Peak memory used by end of initialization: 285165 kB
Running 3D Simulation
Starting meshing
Simulation size in gridpoints: 632 x 624 x 70
Refined 0 mesh cells (0.000000%)
Completed meshing!
Meshing complete in 5.765625 seconds of CPU time
Starting meshing
Simulation size in gridpoints: 632 x 624 x 70
Refined 0 mesh cells (0.000000%)
Completed meshing!
Meshing complete in 5.390625 seconds of CPU time
Starting meshing
Simulation size in gridpoints: 632 x 624 x 70
Refined 0 mesh cells (0.000000%)
Completed meshing!
Meshing complete in 6.015625 seconds of CPU time
finished material properties
Meshing Time: 1.667830 seconds, Init Electrical Material Time: 0.000000 seconds, Init Magnetic Material Time: 0.000000
Using selected optimization level: 2
Selecting 3d kernel for splitFieldDirection=0 and optLevel=2
-----------------------------------------
Beginning initialization of 3D Simulation
Starting to add sources to simulation
Adding 3D Mode source propagating in X
Using frequency dependent profile
Reverted to narrowband source injection
Starting to add boundary conditions to simulation
Adding 3D PML BC
Adding 3D PML BC
Adding 3D Symmetric BC
Adding 3D PML BC
Adding 3D PML BC
Adding 3D PML BC
Starting to add monitors to Simulation
Adding analysis monitor
Adding 3D DFT monitor
Adding 3D DFT monitor
Adding 3D DFT monitor
Monitor ::port 3 DFT is outside the simulation and will not record any data
Adding 3D index monitor
Adding 3D DFT monitor
Adding 3D DFT monitor
Adding 3D DFT monitor
Adding 3D DFT monitor
Monitor ::model::out_2 is outside the simulation and will not record any data
Finished initialization of 3D Simulation
-----------------------------------------
Peak memory used by end of meshing: 3905981 kB
All processes are communicating and ready to proceed to simulation...
Starting 26943 total iterations
Detected GPU 0: NVIDIA GeForce RTX 4060 (UUID: 4d96a628-b56a-cca3-fa24-8ac909d393ef)
Using datatype: real32
Estimated memory use on GPU 0 (preliminary): 1.32 GiB
Estimated memory use on GPU 0 (precise): 
Fields:   0.61 GiB
Coeffs:   0.30 GiB
Monitors: 2.78 GiB
Sources: 0.00 GiB
Estimated memory use on the CPU (precise): 
Fields:   0.00 GiB
Coeffs:   0.62 GiB
Monitors: 0.00 GiB
Sources: 0.00 GiB
0.00371154% complete. Elapsed simulation time: 3.71159e-17 secs. Max time remaining: 23 hrs, 51 mins, 58 secs. Auto Shutoff: 1
1.00212% complete. Elapsed simulation time: 1.00213e-14 secs. Max time remaining: 8 mins, 59 secs. Auto Shutoff: 1
2.00052% complete. Elapsed simulation time: 2.00055e-14 secs. Max time remaining: 7 mins, 12 secs. Auto Shutoff: 1
3.00264% complete. Elapsed simulation time: 3.00268e-14 secs. Max time remaining: 6 mins, 17 secs. Auto Shutoff: 1
4.00104% complete. Elapsed simulation time: 4.0011e-14 secs. Max time remaining: 6 mins, 0 secs. Auto Shutoff: 1
5.00315% complete. Elapsed simulation time: 5.00323e-14 secs. Max time remaining: 5 mins, 28 secs. Auto Shutoff: 1
6.00156% complete. Elapsed simulation time: 6.00165e-14 secs. Max time remaining: 5 mins, 31 secs. Auto Shutoff: 1.04529
7.00367% complete. Elapsed simulation time: 7.00378e-14 secs. Max time remaining: 5 mins, 10 secs. Auto Shutoff: 1.04906
8.00208% complete. Elapsed simulation time: 8.00219e-14 secs. Max time remaining: 5 mins, 7 secs. Auto Shutoff: 0.947323
9.00048% complete. Elapsed simulation time: 9.00061e-14 secs. Max time remaining: 5 mins, 4 secs. Auto Shutoff: 0.932162
10.0026% complete. Elapsed simulation time: 1.00027e-13 secs. Max time remaining: 4 mins, 51 secs. Auto Shutoff: 0.883904
11.001% complete. Elapsed simulation time: 1.10012e-13 secs. Max time remaining: 4 mins, 48 secs. Auto Shutoff: 0.793705
12.0031% complete. Elapsed simulation time: 1.20033e-13 secs. Max time remaining: 4 mins, 46 secs. Auto Shutoff: 0.771147
13.0015% complete. Elapsed simulation time: 1.30017e-13 secs. Max time remaining: 4 mins, 36 secs. Auto Shutoff: 0.747134
14.0036% complete. Elapsed simulation time: 1.40038e-13 secs. Max time remaining: 4 mins, 34 secs. Auto Shutoff: 0.722568
15.002% complete. Elapsed simulation time: 1.50023e-13 secs. Max time remaining: 4 mins, 31 secs. Auto Shutoff: 0.692728
16.0004% complete. Elapsed simulation time: 1.60007e-13 secs. Max time remaining: 4 mins, 23 secs. Auto Shutoff: 0.671004
17.0026% complete. Elapsed simulation time: 1.70028e-13 secs. Max time remaining: 4 mins, 21 secs. Auto Shutoff: 0.627349
18.001% complete. Elapsed simulation time: 1.80012e-13 secs. Max time remaining: 4 mins, 19 secs. Auto Shutoff: 0.596726
19.0031% complete. Elapsed simulation time: 1.90034e-13 secs. Max time remaining: 4 mins, 12 secs. Auto Shutoff: 0.577375
20.0015% complete. Elapsed simulation time: 2.00018e-13 secs. Max time remaining: 4 mins, 10 secs. Auto Shutoff: 0.54395
21.0036% complete. Elapsed simulation time: 2.10039e-13 secs. Max time remaining: 4 mins, 8 secs. Auto Shutoff: 0.503569
22.002% complete. Elapsed simulation time: 2.20023e-13 secs. Max time remaining: 4 mins, 2 secs. Auto Shutoff: 0.468625
23.0004% complete. Elapsed simulation time: 2.30007e-13 secs. Max time remaining: 3 mins, 60 secs. Auto Shutoff: 0.407958
24.0025% complete. Elapsed simulation time: 2.40029e-13 secs. Max time remaining: 3 mins, 57 secs. Auto Shutoff: 0.32807
25.0009% complete. Elapsed simulation time: 2.50013e-13 secs. Max time remaining: 3 mins, 52 secs. Auto Shutoff: 0.273159
26.003% complete. Elapsed simulation time: 2.60034e-13 secs. Max time remaining: 3 mins, 49 secs. Auto Shutoff: 0.194164
27.0014% complete. Elapsed simulation time: 2.70018e-13 secs. Max time remaining: 3 mins, 47 secs. Auto Shutoff: 0.108696
28.0036% complete. Elapsed simulation time: 2.8004e-13 secs. Max time remaining: 3 mins, 42 secs. Auto Shutoff: 0.0597273
29.002% complete. Elapsed simulation time: 2.90024e-13 secs. Max time remaining: 3 mins, 39 secs. Auto Shutoff: 0.00987116
30.0004% complete. Elapsed simulation time: 3.00008e-13 secs. Max time remaining: 3 mins, 37 secs. Auto Shutoff: 0.000359242
31.0025% complete. Elapsed simulation time: 3.10029e-13 secs. Max time remaining: 3 mins, 32 secs. Auto Shutoff: 2.99573e-05
100% complete. Max time remaining: 0 mins, 0 secs. Auto Shutoff: 8.11309e-06
Early termination of simulation, the autoshutoff criteria are satisfied.
Completed 8381 iterations, or 3.110686e-13s of Simulation Time
Peak memory used running the simulation: 6126517 kB
Process 0 starting to collect data
    collecting monitor data
Monitor ::port 3 DFT is outside the simulation and will not record any data
Monitor ::model::out_2 is outside the simulation and will not record any data
    collecting source data
Using frequency dependent profile
Reverted to narrowband source injection
Finished collecting data
Simulation completed successfully at: qua mai 28 16:26:03 2025
Peak memory used in the simulation (kB): 6126517.000000
Overall wall time measurements in seconds: 164.641141
  time to mesh and initialize: 2.295944
  time to run FDTD simulation: 140.321939
  time to checkpoint simulation: 0.000000
  time to finalize data and save to files: 5.725448
  miscellaneous time: 16.297596
  FDTD solver speed on process 0 (Mnodes/s): 2483.844210
  total FDTD solver speed on 1 processes (Mnodes/s): 2483.844210

