Warning: your license expires in 0 days!
Ansys Lumerical 2022 R1.3 Variational FDTD Solver Version 7.19.3016 (Windows 64bit)
 expires (month/day/year): 10/8/2024
using config file: Ansys Licensing set with ANSYSLMD_LICENSE_FILE
license host: 1055@10.75.218.24
current time: ter out 8 08:00:39 2024
Running on host: DESKTOP-16I6F0S
All processes are communicating and ready to proceed to simulation...
Running lms file: C:\Program Files\Lumerical\v221\bin\varfdtd-engine-msmpi.exe -t 1 -remote C:/Users/luciv/Documents/Lucivaldo/Lab_Y_branch/y_branch_var.lms
Starting meshing
Simulation size in gridpoints: 1 x 232 x 1
Refined 0 mesh cells (0%)
Completed meshing!
Meshing complete in 0 seconds of CPU time
Starting meshing
Simulation size in gridpoints: 1 x 232 x 1
Refined 0 mesh cells (0%)
Completed meshing!
Meshing complete in 0 seconds of CPU time
Starting meshing
Simulation size in gridpoints: 1 x 232 x 1
Refined 0 mesh cells (0%)
Completed meshing!
Meshing complete in 0 seconds of CPU time
number of processors is 24
processors are distributed as: 4x6x1
Running TE Simulation
Starting meshing
Simulation size in gridpoints: 158 x 199 x 1
Refined 0 mesh cells (0%)
Completed meshing!
Meshing complete in 0.03125 seconds of CPU time
0 0
Starting meshing
Simulation size in gridpoints: 158 x 199 x 1
Refined 0 mesh cells (0%)
Completed meshing!
Meshing complete in 0.03125 seconds of CPU time
0 0
finished material properties
Selected kernel with optimization level: 0 and split-field propagation direction: 0
-----------------------------------------
Beginning initialization of TE Simulation
Starting to add sources to simulation
Adding TE Mode Source propagating in X
Starting to add boundary conditions to simulation
Adding TE PML BC
Adding TE parallel BC
Adding TE PML BC
Adding TE parallel BC
Starting to add monitors to Simulation
Adding analysis monitor
Adding 3D index monitor
Adding TE index monitor
Adding TE DFT monitor
Adding TE DFT monitor
Adding TE DFT monitor
Adding TE DFT monitor
Finished initialization of TE Simulation
-----------------------------------------
All processes are communicating and ready to proceed to simulation...
Starting 21870 total iterations
0% complete. Max time remaining: 1 min, 1 secs. Auto Shutoff: 1
1% complete. Max time remaining: 36 secs. Auto Shutoff: 1
2% complete. Max time remaining: 34 secs. Auto Shutoff: 1
5% complete. Max time remaining: 33 secs. Auto Shutoff: 1
9% complete. Max time remaining: 31 secs. Auto Shutoff: 1
14% complete. Max time remaining: 30 secs. Auto Shutoff: 1
19% complete. Max time remaining: 28 secs. Auto Shutoff: 1
23% complete. Max time remaining: 26 secs. Auto Shutoff: 0.87534
28% complete. Max time remaining: 25 secs. Auto Shutoff: 0.699843
33% complete. Max time remaining: 23 secs. Auto Shutoff: 0.0253118
37% complete. Max time remaining: 22 secs. Auto Shutoff: 0.000336661
42% complete. Max time remaining: 20 secs. Auto Shutoff: 4.66341e-05
44% complete. Max time remaining: 19 secs. Auto Shutoff: 8.75229e-06
Early termination of simulation, the autoshutoff criteria are satisfied.
Completed 9562 iterations, or 4.37225e-13s of Simulation Time
Process 0 starting to collect data
    collecting monitor data
Adding 3D index monitor
    collecting source data
Finished collecting data
31442

9562

15.0364

Simulation completed successfully at: ter out 8 08:01:02 2024
Overall wall time measurements in seconds: 34.5435
    time to mesh and initialize: 0.100857
    time to run FDTD simulation: 15.0364
    time to finalize data and save to files: 6.76125
    miscellaneous time: 12.6451
    FDTD solver speed on process 0: 19.9948 Mnodes/s
    total FDTD solver speed on 24 processes: 479.874 Mnodes/s
