Ansys Lumerical 2022 R1.3 FDTD Solver Version 8.27.3016 (Windows 64bit)
 expires (month/day/year): Permanent
using config file: Ansys Licensing set with ANSYSLMD_LICENSE_FILE
license host: 1055@melicense.embedded.ufcg.edu.br
current time: qui out 10 10:29:36 2024
Running on host: DESKTOP-16I6F0S
host available memory (GB): 56.023110
All processes are communicating and ready to proceed to simulation...
Running fsp file: C:\Program Files\Lumerical\v221\bin\fdtd-engine.exe -t 1 -remote C:/Users/luciv/Documents/Lucivaldo/Lab_Y_branch/y_branch_fdtd.fsp
Starting meshing
Simulation size in gridpoints: 1 x 76 x 26
Refined 0 mesh cells (0%)
Completed meshing!
Meshing complete in 0 seconds of CPU time
Starting meshing
Simulation size in gridpoints: 1 x 76 x 26
Refined 0 mesh cells (0%)
Completed meshing!
Meshing complete in 0 seconds of CPU time
Starting meshing
Simulation size in gridpoints: 1 x 76 x 26
Refined 0 mesh cells (0%)
Completed meshing!
Meshing complete in 0 seconds of CPU time
left is a duplicate key.
bottom is a duplicate key.
z1 is a duplicate key.
z2 is a duplicate key.
Nx is a duplicate key.
Ny is a duplicate key.
Nz is a duplicate key.
Starting meshing
Simulation size in gridpoints: 1 x 107 x 26
Refined 0 mesh cells (0%)
Completed meshing!
Meshing complete in 0 seconds of CPU time
Starting meshing
Simulation size in gridpoints: 1 x 107 x 26
Refined 0 mesh cells (0%)
Completed meshing!
Meshing complete in 0 seconds of CPU time
Starting meshing
Simulation size in gridpoints: 1 x 107 x 26
Refined 0 mesh cells (0%)
Completed meshing!
Meshing complete in 0 seconds of CPU time
Starting meshing
Simulation size in gridpoints: 1 x 107 x 26
Refined 0 mesh cells (0%)
Completed meshing!
Meshing complete in 0 seconds of CPU time
Starting meshing
Simulation size in gridpoints: 1 x 107 x 26
Refined 0 mesh cells (0%)
Completed meshing!
Meshing complete in 0 seconds of CPU time
Starting meshing
Simulation size in gridpoints: 1 x 107 x 26
Refined 0 mesh cells (0%)
Completed meshing!
Meshing complete in 0 seconds of CPU time
left is a duplicate key.
bottom is a duplicate key.
z1 is a duplicate key.
z2 is a duplicate key.
Nx is a duplicate key.
Ny is a duplicate key.
Nz is a duplicate key.
Starting meshing
Simulation size in gridpoints: 1 x 76 x 26
Refined 0 mesh cells (0%)
Completed meshing!
Meshing complete in 0 seconds of CPU time
Starting meshing
Simulation size in gridpoints: 1 x 76 x 26
Refined 0 mesh cells (0%)
Completed meshing!
Meshing complete in 0 seconds of CPU time
Starting meshing
Simulation size in gridpoints: 1 x 76 x 26
Refined 0 mesh cells (0%)
Completed meshing!
Meshing complete in 0.015625 seconds of CPU time
left is a duplicate key.
bottom is a duplicate key.
z1 is a duplicate key.
z2 is a duplicate key.
Nx is a duplicate key.
Ny is a duplicate key.
Nz is a duplicate key.
number of processors is 1
processors are distributed as: 1x1x1
Running 3D Simulation
Starting meshing
Simulation size in gridpoints: 296 x 555 x 40
Refined 0 mesh cells (0%)
Completed meshing!
Meshing complete in 1.6875 seconds of CPU time
0 0
Starting meshing
Simulation size in gridpoints: 296 x 555 x 40
Refined 0 mesh cells (0%)
Completed meshing!
Meshing complete in 1.64062 seconds of CPU time
0 0
Starting meshing
Simulation size in gridpoints: 296 x 555 x 40
Refined 0 mesh cells (0%)
Completed meshing!
Meshing complete in 2.15625 seconds of CPU time
0 0
finished material properties
Meshing Time: 7.80451 seconds, Init Electrical Material Time: 0.283244 seconds, Init Magnetic Material Time: 0.0145872
Using selected optimization level: 2
Selecting 3d kernel for splitFieldDirection=0 and optLevel=2
-----------------------------------------
Beginning initialization of 3D Simulation
Starting to add sources to simulation
Adding 3D Mode source propagating in X
Using frequency dependent profile
Starting to add boundary conditions to simulation
Adding 3D PML BC
Adding 3D PML BC
Adding 3D PML BC
Adding 3D PML BC
Adding 3D PML BC
Adding 3D PML BC
Starting to add monitors to Simulation
Adding analysis monitor
Adding 3D DFT monitor
Adding 3D DFT monitor
Adding 3D DFT monitor
Adding 3D index monitor
Adding 3D DFT monitor
Finished initialization of 3D Simulation
-----------------------------------------
All processes are communicating and ready to proceed to simulation...
Starting 12315 total iterations
0.389763% complete. Max time remaining: 10 mins, 22 secs. Auto Shutoff: 1
1.68897% complete. Max time remaining: 6 mins, 39 secs. Auto Shutoff: 1
2.72834% complete. Max time remaining: 6 mins, 17 secs. Auto Shutoff: 1
3.76771% complete. Max time remaining: 6 mins, 6 secs. Auto Shutoff: 1
4.80708% complete. Max time remaining: 5 mins, 56 secs. Auto Shutoff: 1
5.84645% complete. Max time remaining: 5 mins, 47 secs. Auto Shutoff: 1
6.88582% complete. Max time remaining: 5 mins, 39 secs. Auto Shutoff: 1.09026
7.92519% complete. Max time remaining: 5 mins, 34 secs. Auto Shutoff: 1.03666
8.96456% complete. Max time remaining: 5 mins, 29 secs. Auto Shutoff: 0.980907
10.0039% complete. Max time remaining: 5 mins, 25 secs. Auto Shutoff: 0.920347
11.0433% complete. Max time remaining: 5 mins, 20 secs. Auto Shutoff: 0.836275
12.0827% complete. Max time remaining: 5 mins, 15 secs. Auto Shutoff: 0.799521
13.122% complete. Max time remaining: 5 mins, 11 secs. Auto Shutoff: 0.753753
14.1614% complete. Max time remaining: 5 mins, 6 secs. Auto Shutoff: 0.739691
15.2008% complete. Max time remaining: 5 mins, 2 secs. Auto Shutoff: 0.722276
16.2401% complete. Max time remaining: 4 mins, 58 secs. Auto Shutoff: 0.696679
17.2795% complete. Max time remaining: 4 mins, 54 secs. Auto Shutoff: 0.648948
18.3189% complete. Max time remaining: 4 mins, 50 secs. Auto Shutoff: 0.625044
19.3582% complete. Max time remaining: 4 mins, 46 secs. Auto Shutoff: 0.60125
20.3976% complete. Max time remaining: 4 mins, 42 secs. Auto Shutoff: 0.575877
21.437% complete. Max time remaining: 4 mins, 38 secs. Auto Shutoff: 0.515019
22.4764% complete. Max time remaining: 4 mins, 42 secs. Auto Shutoff: 0.47533
23.7756% complete. Max time remaining: 4 mins, 42 secs. Auto Shutoff: 0.374151
24.8149% complete. Max time remaining: 4 mins, 37 secs. Auto Shutoff: 0.320901
25.8543% complete. Max time remaining: 4 mins, 33 secs. Auto Shutoff: 0.264345
26.8937% complete. Max time remaining: 4 mins, 29 secs. Auto Shutoff: 0.19395
27.933% complete. Max time remaining: 4 mins, 32 secs. Auto Shutoff: 0.0788531
28.9724% complete. Max time remaining: 4 mins, 35 secs. Auto Shutoff: 0.0371032
30.0118% complete. Max time remaining: 4 mins, 37 secs. Auto Shutoff: 0.00828355
31.311% complete. Max time remaining: 4 mins, 34 secs. Auto Shutoff: 6.17732e-05
100% complete. Max time remaining: 0 mins, 0 secs. Auto Shutoff: 7.22095e-06
Early termination of simulation, the autoshutoff criteria are satisfied.
Completed 3938 iterations, or 3.197683e-13s of Simulation Time
Process 0 starting to collect data
    collecting monitor data
    collecting source data
Using frequency dependent profile
Finished collecting data
left is a duplicate key.
bottom is a duplicate key.
z1 is a duplicate key.
z2 is a duplicate key.
Nx is a duplicate key.
Ny is a duplicate key.
Nz is a duplicate key.
left is a duplicate key.
bottom is a duplicate key.
z1 is a duplicate key.
z2 is a duplicate key.
Nx is a duplicate key.
Ny is a duplicate key.
Nz is a duplicate key.
left is a duplicate key.
bottom is a duplicate key.
z1 is a duplicate key.
z2 is a duplicate key.
Nx is a duplicate key.
Ny is a duplicate key.
Nz is a duplicate key.
Simulation completed successfully at: qui out 10 10:31:58 2024
Overall wall time measurements in seconds: 142.556
    time to mesh and initialize: 11.8409
    time to run FDTD simulation: 127.044
    time to checkpoint simulation: 4e-07
    time to finalize data and save to files: 2.64323
    miscellaneous time: 1.02838
    FDTD solver speed on process 0: 203.689 Mnodes/s
    total FDTD solver speed on 1 processes: 203.689 Mnodes/s
