Warning: your license expires in 0 days!
Ansys Lumerical 2022 R1.3 Variational FDTD Solver Version 7.19.3016 (Windows 64bit)
 expires (month/day/year): 10/3/2024
using config file: Ansys Licensing set with ANSYSLMD_LICENSE_FILE
license host: 1055@10.75.218.24
current time: qui out 3 10:12:58 2024
Running on host: DESKTOP-16I6F0S
All processes are communicating and ready to proceed to simulation...
Running lms file: C:\Program Files\Lumerical\v221\bin\varfdtd-engine-msmpi.exe -t 1 -remote C:/Users/luciv/Documents/Lucivaldo/Lab_Y_branch/y_branch.lms
Starting meshing
Simulation size in gridpoints: 1 x 107 x 1
Refined 0 mesh cells (0%)
Completed meshing!
Meshing complete in 0 seconds of CPU time
Starting meshing
Simulation size in gridpoints: 1 x 107 x 1
Refined 0 mesh cells (0%)
Completed meshing!
Meshing complete in 0 seconds of CPU time
Starting meshing
Simulation size in gridpoints: 1 x 107 x 1
Refined 0 mesh cells (0%)
Completed meshing!
Meshing complete in 0 seconds of CPU time
number of processors is 24
processors are distributed as: 4x6x1
Running TE Simulation
Starting meshing
Simulation size in gridpoints: 74 x 93 x 1
Refined 0 mesh cells (0%)
Completed meshing!
Meshing complete in 0 seconds of CPU time
0 0
Starting meshing
Simulation size in gridpoints: 74 x 93 x 1
Refined 0 mesh cells (0%)
Completed meshing!
Meshing complete in 0.015625 seconds of CPU time
0 0
finished material properties
Selected kernel with optimization level: 0 and split-field propagation direction: 0
-----------------------------------------
Beginning initialization of TE Simulation
Starting to add sources to simulation
Adding TE Mode Source propagating in X
Starting to add boundary conditions to simulation
Adding TE PML BC
Adding TE parallel BC
Adding TE PML BC
Adding TE parallel BC
Starting to add monitors to Simulation
Adding analysis monitor
Adding 3D index monitor
Adding TE index monitor
Adding TE DFT monitor
Adding TE DFT monitor
Adding TE DFT monitor
Adding TE DFT monitor
Finished initialization of TE Simulation
-----------------------------------------
All processes are communicating and ready to proceed to simulation...
Starting 9952 total iterations
0% complete. Max time remaining: 9 secs. Auto Shutoff: 1
1% complete. Max time remaining: 7 secs. Auto Shutoff: 1
2% complete. Max time remaining: 7 secs. Auto Shutoff: 1
5% complete. Max time remaining: 7 secs. Auto Shutoff: 1
10% complete. Max time remaining: 6 secs. Auto Shutoff: 1
20% complete. Max time remaining: 5 secs. Auto Shutoff: 1
41% complete. Max time remaining: 4 secs. Auto Shutoff: 0.000142141
45% complete. Max time remaining: 4 secs. Auto Shutoff: 7.2707e-06
Early termination of simulation, the autoshutoff criteria are satisfied.
Completed 4458 iterations, or 4.47948e-13s of Simulation Time
Process 0 starting to collect data
    collecting monitor data
Adding 3D index monitor
    collecting source data
Finished collecting data
6882

4458

3.10234

Simulation completed successfully at: qui out 3 10:13:03 2024
Overall wall time measurements in seconds: 16.4191
    time to mesh and initialize: 0.0358825
    time to run FDTD simulation: 3.10234
    time to finalize data and save to files: 1.0689
    miscellaneous time: 12.212
    FDTD solver speed on process 0: 9.88929 Mnodes/s
    total FDTD solver speed on 24 processes: 237.343 Mnodes/s
