Warning: your license expires in 0 days!
Ansys Lumerical 2022 R1.3 FDTD Solver Version 8.27.3016 (Windows 64bit)
 expires (month/day/year): 10/3/2024
using config file: Ansys Licensing set with ANSYSLMD_LICENSE_FILE
license host: 1055@10.75.218.24
current time: qui out 3 11:03:06 2024
Running on host: DESKTOP-16I6F0S
host available memory (GB): 55.391277
All processes are communicating and ready to proceed to simulation...
Running fsp file: C:\Program Files\Lumerical\v221\bin\fdtd-engine.exe -t 1 -remote C:/Users/luciv/Documents/Lucivaldo/Lab_Y_branch/y_branch_fdetd.fsp
Starting meshing
Simulation size in gridpoints: 1 x 54 x 26
Refined 0 mesh cells (0%)
Completed meshing!
Meshing complete in 0 seconds of CPU time
Starting meshing
Simulation size in gridpoints: 1 x 54 x 26
Refined 0 mesh cells (0%)
Completed meshing!
Meshing complete in 0 seconds of CPU time
Starting meshing
Simulation size in gridpoints: 1 x 54 x 26
Refined 0 mesh cells (0%)
Completed meshing!
Meshing complete in 0 seconds of CPU time
number of processors is 1
processors are distributed as: 1x1x1
Running 3D Simulation
Starting meshing
Simulation size in gridpoints: 295 x 279 x 40
Refined 0 mesh cells (0%)
Completed meshing!
Meshing complete in 0.921875 seconds of CPU time
0 0
Starting meshing
Simulation size in gridpoints: 295 x 279 x 40
Refined 0 mesh cells (0%)
Completed meshing!
Meshing complete in 0.78125 seconds of CPU time
0 0
Starting meshing
Simulation size in gridpoints: 295 x 279 x 40
Refined 0 mesh cells (0%)
Completed meshing!
Meshing complete in 0.765625 seconds of CPU time
0 0
finished material properties
Meshing Time: 2.91256 seconds, Init Electrical Material Time: 0.10777 seconds, Init Magnetic Material Time: 0.0091185
Using selected optimization level: 2
Selecting 3d kernel for splitFieldDirection=0 and optLevel=2
-----------------------------------------
Beginning initialization of 3D Simulation
Starting to add sources to simulation
Adding 3D Mode source propagating in X
Starting to add boundary conditions to simulation
Adding 3D PML BC
Adding 3D PML BC
Adding 3D Symmetric BC
Adding 3D PML BC
Adding 3D PML BC
Adding 3D PML BC
Starting to add monitors to Simulation
Adding analysis monitor
Adding 3D index monitor
Adding 3D DFT monitor
Adding 3D DFT monitor
Adding 3D DFT monitor
Adding 3D DFT monitor
Monitor ::model::out_2 is outside the simulation and will not record any data
Finished initialization of 3D Simulation
-----------------------------------------
All processes are communicating and ready to proceed to simulation...
Starting 12191 total iterations
0.393731% complete. Max time remaining: 2 mins, 47 secs. Auto Shutoff: 1
1.96865% complete. Max time remaining: 2 mins, 47 secs. Auto Shutoff: 1
3.0186% complete. Max time remaining: 2 mins, 44 secs. Auto Shutoff: 1
4.06855% complete. Max time remaining: 2 mins, 42 secs. Auto Shutoff: 1
5.1185% complete. Max time remaining: 2 mins, 39 secs. Auto Shutoff: 1
6.16845% complete. Max time remaining: 2 mins, 37 secs. Auto Shutoff: 1
7.2184% complete. Max time remaining: 2 mins, 35 secs. Auto Shutoff: 0.956816
8.26835% complete. Max time remaining: 2 mins, 33 secs. Auto Shutoff: 0.847286
9.3183% complete. Max time remaining: 2 mins, 31 secs. Auto Shutoff: 0.826914
10.3682% complete. Max time remaining: 2 mins, 29 secs. Auto Shutoff: 0.792029
11.4182% complete. Max time remaining: 2 mins, 27 secs. Auto Shutoff: 0.729516
12.4681% complete. Max time remaining: 2 mins, 26 secs. Auto Shutoff: 0.709492
13.5181% complete. Max time remaining: 2 mins, 24 secs. Auto Shutoff: 0.69162
14.568% complete. Max time remaining: 2 mins, 22 secs. Auto Shutoff: 0.675667
15.618% complete. Max time remaining: 2 mins, 20 secs. Auto Shutoff: 0.643421
16.6679% complete. Max time remaining: 2 mins, 19 secs. Auto Shutoff: 0.623119
17.7179% complete. Max time remaining: 2 mins, 17 secs. Auto Shutoff: 0.600353
18.7678% complete. Max time remaining: 2 mins, 16 secs. Auto Shutoff: 0.57906
19.8178% complete. Max time remaining: 2 mins, 15 secs. Auto Shutoff: 0.532177
20.8677% complete. Max time remaining: 2 mins, 14 secs. Auto Shutoff: 0.50486
21.9177% complete. Max time remaining: 2 mins, 13 secs. Auto Shutoff: 0.472284
22.9676% complete. Max time remaining: 2 mins, 11 secs. Auto Shutoff: 0.43308
24.0176% complete. Max time remaining: 2 mins, 10 secs. Auto Shutoff: 0.34386
25.0675% complete. Max time remaining: 2 mins, 8 secs. Auto Shutoff: 0.292712
26.1175% complete. Max time remaining: 2 mins, 7 secs. Auto Shutoff: 0.228626
27.1674% complete. Max time remaining: 2 mins, 5 secs. Auto Shutoff: 0.114151
28.2174% complete. Max time remaining: 2 mins, 4 secs. Auto Shutoff: 0.0669208
29.2673% complete. Max time remaining: 2 mins, 2 secs. Auto Shutoff: 0.0235076
30.3173% complete. Max time remaining: 2 mins, 1 secs. Auto Shutoff: 0.004559
31.3672% complete. Max time remaining: 1 min, 59 secs. Auto Shutoff: 2.95866e-05
100% complete. Max time remaining: 0 mins, 0 secs. Auto Shutoff: 6.00345e-06
Early termination of simulation, the autoshutoff criteria are satisfied.
Completed 3916 iterations, or 3.212187e-13s of Simulation Time
Process 0 starting to collect data
    collecting monitor data
Monitor ::model::out_2 is outside the simulation and will not record any data
    collecting source data
Finished collecting data
Simulation completed successfully at: qui out 3 11:04:07 2024
Overall wall time measurements in seconds: 73.4719
    time to mesh and initialize: 4.68809
    time to run FDTD simulation: 55.9993
    time to checkpoint simulation: 2e-07
    time to finalize data and save to files: 1.03315
    miscellaneous time: 11.7514
    FDTD solver speed on process 0: 230.222 Mnodes/s
    total FDTD solver speed on 1 processes: 230.222 Mnodes/s
